<?xml version="1.0" encoding="UTF-8"?>
<!-- Generated by org.testng.reporters.JUnitReportReporter -->
<testsuite hostname="Rubel" name="ShahidulNG" tests="1" failures="0" timestamp="3 Nov 2013 00:36:56 GMT" time="0.810" errors="0">
  <testcase name="loginin" time="0.810" classname="ShahidulNG"/>
</testsuite> <!-- ShahidulNG -->
